C51 COMPILER V9.54   DYNAMIC_DISPLAY                                                       08/11/2020 16:17:00 PAGE 1   


C51 COMPILER V9.54, COMPILATION OF MODULE DYNAMIC_DISPLAY
OBJECT MODULE PLACED IN .\Objects\dynamic_display.obj
COMPILER INVOKED BY: D:\keil\C51\BIN\C51.EXE dynamic_display.c OPTIMIZE(8,SPEED) BROWSE DEBUG OBJECTEXTEND PRINT(.\Listi
                    -ngs\dynamic_display.lst) TABS(2) OBJECT(.\Objects\dynamic_display.obj)

line level    source

   1          #include "reg52.h"
   2          #define uchar unsigned char
   3            
   4          uchar code SMG[]={0xc0,0xf9,0xa4,0xb0,0x99,0x92,0x82,0xf8, 0x80,0x90,0x88,0x83,0xc6,0xa1,0x86,0x8e,0xbf,0x
             -7f};
   5          uchar code value[]={2,0,2,0,0,8,1,1};
   6          void HC138(uchar n){
   7   1        switch(n){
   8   2          case 4:
   9   2          P2=P2&0x1f|0x80;
  10   2          break;
  11   2          case 5:
  12   2          P2=P2&0x1f|0xa0;
  13   2          break;
  14   2          case 6:
  15   2          P2=P2&0x1f|0xc0;
  16   2          break;
  17   2          case 7:
  18   2          P2=P2&0x1f|0xe0;
  19   2          break;
  20   2        }
  21   1      }
  22          
  23          void delayms(int n){
  24   1        uchar i;
  25   1        while(n--) for(i=0;i<123;i++);
  26   1      }
  27          
  28          void Init(){
  29   1        HC138(5);
  30   1        P0=0x00;
  31   1      }
  32          
  33          void Show_SMG(uchar pos,uchar value){
  34   1        HC138(6);
  35   1        P0=0x01<<(pos-1);
  36   1        HC138(7);
  37   1        P0=SMG[value];
  38   1      }
  39          
  40          
  41          void dynamic_show(){
  42   1        int length=sizeof(value)/sizeof(uchar);
  43   1        uchar *p=value;
  44   1        int i,j=0;
  45   1        for(i=0;i<length;i++){
  46   2          Show_SMG(++j,*p++);
  47   2          delayms(2);
  48   2        }
  49   1      }
  50          
  51          void main(){
  52   1        Init();
  53   1        while(1){
C51 COMPILER V9.54   DYNAMIC_DISPLAY                                                       08/11/2020 16:17:00 PAGE 2   

  54   2          dynamic_show();
  55   2        }
  56   1      }


MODULE INFORMATION:   STATIC OVERLAYABLE
   CODE SIZE        =    215    ----
   CONSTANT SIZE    =     26    ----
   XDATA SIZE       =   ----    ----
   PDATA SIZE       =   ----    ----
   DATA SIZE        =   ----       9
   IDATA SIZE       =   ----    ----
   BIT SIZE         =   ----    ----
END OF MODULE INFORMATION.


C51 COMPILATION COMPLETE.  0 WARNING(S),  0 ERROR(S)
