C51 COMPILER V9.54   KEYBOARD                                                              08/11/2020 19:10:27 PAGE 1   


C51 COMPILER V9.54, COMPILATION OF MODULE KEYBOARD
OBJECT MODULE PLACED IN .\Objects\keyboard.obj
COMPILER INVOKED BY: D:\keil\C51\BIN\C51.EXE keyboard.c OPTIMIZE(8,SPEED) BROWSE DEBUG OBJECTEXTEND PRINT(.\Listings\key
                    -board.lst) TABS(2) OBJECT(.\Objects\keyboard.obj)

line level    source

   1          #include "STC15F2K60S2.h"
   2          
   3          #define uchar unsigned char
   4            
   5          uchar code SMG[]={0xc0,0xf9,0xa4,0xb0,0x99,0x92,0x82,0xf8, 0x80,0x90,0x88,0x83,0xc6,0xa1,0x86,0x8e,0xbf,0x
             -7f};
   6          
   7          int num=0;
   8          void HC138(uchar n){
   9   1        switch(n){
  10   2          case 4:
  11   2          P2=P2&0x1f|0x80;
  12   2          break;
  13   2          case 5:
  14   2          P2=P2&0x1f|0xa0;
  15   2          break;
  16   2          case 6:
  17   2          P2=P2&0x1f|0xc0;
  18   2          break;
  19   2          case 7:
  20   2          P2=P2&0x1f|0xe0;
  21   2          break;
  22   2        }
  23   1      }
  24          
  25          void delayms(int n){
  26   1        uchar i;
  27   1        while(n--) for(i=0;i<123;i++);
  28   1      }
  29          
  30          void Init(){
  31   1        HC138(5);
  32   1        P0=0x00;
  33   1      }
  34          
  35          void Show_SMG(uchar pos,uchar value){
  36   1        HC138(6);
  37   1        P0=0x01<<pos;
  38   1        HC138(7);
  39   1        P0=SMG[value];
  40   1      }
  41          
  42          void scan(){
  43   1        int col,row;
  44   1        int kp=0;
  45   1        P3=0x0f;
  46   1        P42=0;
  47   1        P44=0;
  48   1        P3=P3&0x0f;
  49   1        if(P3!=0x0f && kp==0){
  50   2          delayms(10);
  51   2            if(P3!=0x0f && kp==0){
  52   3              kp=1;
  53   3              if((P3&0x0f)==0x0e) row=0;
C51 COMPILER V9.54   KEYBOARD                                                              08/11/2020 19:10:27 PAGE 2   

  54   3              if((P3&0x0f)==0x0d) row=1;
  55   3              if((P3&0x0f)==0x0b) row=2;
  56   3              if((P3&0x0f)==0x07) row=3;    
  57   3            }
  58   2            
  59   2            P3=0xf0;
  60   2            P42=1;
  61   2            P44=1;
  62   2            if(P44 == 0) col=1;
  63   2            if(P42 == 0) col=2;
  64   2            if(P35 == 0) col=3;
  65   2            if(P34 == 0) col=4; 
  66   2        }
  67   1        
  68   1        if(kp==1){
  69   2          num= row*4+col;
  70   2        }
  71   1      }
  72          
  73          void main(){
  74   1        Init();
  75   1        
  76   1        while(1){
  77   2         scan();
  78   2         delayms(5);
  79   2         Show_SMG(0,num);
  80   2        }
  81   1      }


MODULE INFORMATION:   STATIC OVERLAYABLE
   CODE SIZE        =    306    ----
   CONSTANT SIZE    =     18    ----
   XDATA SIZE       =   ----    ----
   PDATA SIZE       =   ----    ----
   DATA SIZE        =      2       4
   IDATA SIZE       =   ----    ----
   BIT SIZE         =   ----    ----
END OF MODULE INFORMATION.


C51 COMPILATION COMPLETE.  0 WARNING(S),  0 ERROR(S)
