C51 COMPILER V9.54   STATIC_SMG                                                            08/11/2020 15:10:06 PAGE 1   


C51 COMPILER V9.54, COMPILATION OF MODULE STATIC_SMG
OBJECT MODULE PLACED IN .\Objects\static_SMG.obj
COMPILER INVOKED BY: D:\keil\C51\BIN\C51.EXE static_SMG.c OPTIMIZE(8,SPEED) BROWSE DEBUG OBJECTEXTEND PRINT(.\Listings\s
                    -tatic_SMG.lst) TABS(2) OBJECT(.\Objects\static_SMG.obj)

line level    source

   1          #include "reg52.h"
   2          #define uchar unsigned char 
   3          
   4          //数码管断码
   5          uchar code SMG[]={0xc0,0xf9,0xa4,0xb0,0x99,0x92,0x82,0xf8,0x80,0x90,0x88,0x83,0xc6,0xa1,0x86,0x8e,0xbf,0x7
             -f};
   6          
   7          void HC138(unsigned char n){
   8   1        switch(n){
   9   2          case 4:
  10   2          P2=(P2&0x1f) | 0x80;
  11   2          break;
  12   2          case 5:
  13   2          P2=(P2&0x1f) | 0xa0;
  14   2          break;
  15   2          case 6:
  16   2          P2=(P2&0x1f) | 0xc0;
  17   2          break;
  18   2          case 7:
  19   2          P2=(P2&0x1f) | 0xe0;
  20   2          break;
  21   2        }
  22   1      }
  23          
  24          void init(){
  25   1        HC138(5);
  26   1        P0=0x00;
  27   1      }
  28          
  29          void delayms(unsigned int ms){
  30   1        unsigned char i;
  31   1        while(ms--) for(i=0;i<123;i++);
  32   1      }
  33          
  34          //点亮第一个数码管，数值为6
  35          void ShowSMG(){
  36   1        HC138(6);
  37   1        P0=0x01;
  38   1        HC138(7);
  39   1        P0=0x82;
  40   1      }
  41          
  42          void ShowSMG_Bit(uchar pos,uchar value){
  43   1        HC138(6);
  44   1        P0=0x01<<pos;
  45   1        HC138(7);
  46   1        P0=SMG[value];
  47   1      }
  48          
  49          void SMG_Static(){
  50   1        uchar i;
  51   1        for(i=0;i<8;i++){
  52   2          ShowSMG_Bit(i,i);
  53   2          delayms(1000);
C51 COMPILER V9.54   STATIC_SMG                                                            08/11/2020 15:10:06 PAGE 2   

  54   2        }
  55   1      }
  56          void main (){
  57   1        init();
  58   1        while(1){
  59   2          SMG_Static();
  60   2        }
  61   1      }


MODULE INFORMATION:   STATIC OVERLAYABLE
   CODE SIZE        =    162    ----
   CONSTANT SIZE    =     18    ----
   XDATA SIZE       =   ----    ----
   PDATA SIZE       =   ----    ----
   DATA SIZE        =   ----    ----
   IDATA SIZE       =   ----    ----
   BIT SIZE         =   ----    ----
END OF MODULE INFORMATION.


C51 COMPILATION COMPLETE.  0 WARNING(S),  0 ERROR(S)
