C51 COMPILER V9.54   TIMER                                                                 08/12/2020 17:27:39 PAGE 1   


C51 COMPILER V9.54, COMPILATION OF MODULE TIMER
OBJECT MODULE PLACED IN .\Objects\timer.obj
COMPILER INVOKED BY: D:\keil\C51\BIN\C51.EXE timer.c OPTIMIZE(8,SPEED) BROWSE DEBUG OBJECTEXTEND PRINT(.\Listings\timer.
                    -lst) TABS(2) OBJECT(.\Objects\timer.obj)

line level    source

   1          #include "reg52.h"
   2          #define uchar unsigned char
   3          
   4          uchar code SMG[]={0xc0,0xf9,0xa4,0xb0,0x99,0x92,0x82,0xf8, 0x80,0x90,0x88,0x83,0xc6,0xa1,0x86,0x8e,0xbf,0x
             -7f};
   5          int con,s,m,h;
   6          void delayms(unsigned int ms){
   7   1        uchar i;
   8   1        while(ms--) for(i=0;i<123;i++);
   9   1      }
  10          
  11          void HC138(uchar n){
  12   1        switch(n){
  13   2          case 4:
  14   2          P2=P2&0x1f|0x80;  
  15   2          break;
  16   2          case 5:
  17   2          P2=P2&0x1f|0xa0;  
  18   2          break;
  19   2          case 6:
  20   2          P2=P2&0x1f|0xc0;  
  21   2          break;
  22   2          case 7:
  23   2          P2=P2&0x1f|0xe0;  
  24   2          break;
  25   2        }
  26   1      }
  27          
  28          void display(uchar pos,uchar value){
  29   1        HC138(6);
  30   1        P0=0x01<<pos;
  31   1        HC138(7);
  32   1        P0=SMG[value];
  33   1      }
  34          
  35          void showSMG(uchar n){
  36   1        display(0,h/10);
  37   1        delayms(n);
  38   1        display(1,h%10);
  39   1        delayms(n);
  40   1        display(2,16);
  41   1        delayms(n);
  42   1        display(3,m/10);
  43   1        delayms(n);
  44   1        display(4,m%10);
  45   1        delayms(n);
  46   1        display(5,16);
  47   1        delayms(n);
  48   1        display(6,s/10);
  49   1        delayms(n);
  50   1        display(7,s%10);
  51   1        delayms(n);
  52   1      }
  53          //===================
C51 COMPILER V9.54   TIMER                                                                 08/12/2020 17:27:39 PAGE 2   

  54          void initTimer(){
  55   1        EA=1;
  56   1        ET0=1;
  57   1        TMOD=0x01;
  58   1        TH0=15536/256;
  59   1        TL0=15536%256;
  60   1        TR0=1;
  61   1      }
  62          
  63          void TimerService() interrupt 1{
  64   1        TH0=15536/256;
  65   1        TL0=15536%256;
  66   1        if(++con==20) {con=0;s++;}
  67   1        if(s==60) {m++;s=0;}
  68   1        if(m==60) {h++;m=0;}
  69   1      }
  70          //===================
  71          void init(){
  72   1        HC138(5);
  73   1        P0=0x00;
  74   1        HC138(4);
  75   1        P0=0xff;
  76   1      }
  77          void main(){
  78   1        init();
  79   1        initTimer();
  80   1        while(1){
  81   2          showSMG(15);
  82   2        }
  83   1      }


MODULE INFORMATION:   STATIC OVERLAYABLE
   CODE SIZE        =    364    ----
   CONSTANT SIZE    =     18    ----
   XDATA SIZE       =   ----    ----
   PDATA SIZE       =   ----    ----
   DATA SIZE        =      8    ----
   IDATA SIZE       =   ----    ----
   BIT SIZE         =   ----    ----
END OF MODULE INFORMATION.


C51 COMPILATION COMPLETE.  0 WARNING(S),  0 ERROR(S)
