C51 COMPILER V9.54   BUTTON                                                                08/11/2020 17:05:35 PAGE 1   


C51 COMPILER V9.54, COMPILATION OF MODULE BUTTON
OBJECT MODULE PLACED IN .\Objects\button.obj
COMPILER INVOKED BY: D:\keil\C51\BIN\C51.EXE button.c OPTIMIZE(8,SPEED) BROWSE DEBUG OBJECTEXTEND PRINT(.\Listings\butto
                    -n.lst) TABS(2) OBJECT(.\Objects\button.obj)

line level    source

   1          #include "reg52.h"
   2          #define uchar unsigned char
   3            
   4          uchar code SMG[]={0xc0,0xf9,0xa4,0xb0,0x99,0x92,0x82,0xf8, 0x80,0x90,0x88,0x83,0xc6,0xa1,0x86,0x8e,0xbf,0x
             -7f};
   5          
   6          void HC138(uchar n){
   7   1        switch(n){
   8   2          case 4:
   9   2          P2=P2&0x1f|0x80;
  10   2          break;
  11   2          case 5:
  12   2          P2=P2&0x1f|0xa0;
  13   2          break;
  14   2          case 6:
  15   2          P2=P2&0x1f|0xc0;
  16   2          break;
  17   2          case 7:
  18   2          P2=P2&0x1f|0xe0;
  19   2          break;
  20   2        }
  21   1      }
  22          
  23          void delayms(int n){
  24   1        uchar i;
  25   1        while(n--) for(i=0;i<123;i++);
  26   1      }
  27          
  28          void Init(){
  29   1        HC138(5);
  30   1        P0=0x00;
  31   1      }
  32          
  33          void Show_SMG(uchar pos,uchar value){
  34   1        HC138(6);
  35   1        P0=0x01<<pos;
  36   1        HC138(7);
  37   1        P0=SMG[value];
  38   1        
  39   1      }
  40          
  41          int scan(){
  42   1        P3=P3&0x0f;
  43   1        if(P3!=0x0f){
  44   2          delayms(10);
  45   2            if(P3!=0x0f){
  46   3              P3=P3&0x0f;
  47   3              if(P3==0x07) return 4;
  48   3              if(P3==0x0b) return 5;
  49   3              if(P3==0x0d) return 6;
  50   3              if(P3==0x0e) return 7;
  51   3            }
  52   2        }
  53   1      }
C51 COMPILER V9.54   BUTTON                                                                08/11/2020 17:05:35 PAGE 2   

  54          
  55          void main(){
  56   1        Init();
  57   1        while(1){
  58   2          int num=scan();
  59   2          switch(num){
  60   3            case 4:
  61   3            Show_SMG(0,1);
  62   3            break;
  63   3            case 5:
  64   3            Show_SMG(0,2);  
  65   3            break;
  66   3            case 6:
  67   3            Show_SMG(0,3);  
  68   3            break;
  69   3            case 7:
  70   3            Show_SMG(0,4);  
  71   3            break;
  72   3          }     
  73   2        }
  74   1      }
*** WARNING C291 IN LINE 53 OF button.c: not every exit path returns a value


MODULE INFORMATION:   STATIC OVERLAYABLE
   CODE SIZE        =    238    ----
   CONSTANT SIZE    =     18    ----
   XDATA SIZE       =   ----    ----
   PDATA SIZE       =   ----    ----
   DATA SIZE        =   ----       2
   IDATA SIZE       =   ----    ----
   BIT SIZE         =   ----    ----
END OF MODULE INFORMATION.


C51 COMPILATION COMPLETE.  1 WARNING(S),  0 ERROR(S)
